<?xml version="1.0" encoding="UTF-8"?>
<!-- Generated by org.testng.reporters.JUnitReportReporter -->
<testsuite hostname="Haritha-Mac.local" failures="0" tests="3" name="com.crm.qa.testcases.LoginPageTest" time="23.809" errors="0" timestamp="2021-05-13T05:20:26 IST" skipped="0">
  <testcase classname="com.crm.qa.testcases.LoginPageTest" name="loginPageTitleTest" time="4.912"/>
  <system-out/>
  <testcase classname="com.crm.qa.testcases.LoginPageTest" name="crmLogoImageTest" time="6.133"/>
  <system-out/>
  <testcase classname="com.crm.qa.testcases.LoginPageTest" name="loginTest" time="12.764"/>
  <system-out/>
</testsuite> <!-- com.crm.qa.testcases.LoginPageTest -->
