<?xml version="1.0" encoding="UTF-8"?>
<!-- Generated by org.testng.reporters.JUnitReportReporter -->
<testsuite hostname="Haritha-Mac.local" failures="0" tests="3" name="com.crm.qa.testcases.LoginPageTest" time="27.954" errors="0" timestamp="2021-05-16T02:38:58 IST" skipped="0">
  <testcase classname="com.crm.qa.testcases.LoginPageTest" name="loginPageTitleTest" time="8.672"/>
  <system-out/>
  <testcase classname="com.crm.qa.testcases.LoginPageTest" name="crmLogoImageTest" time="6.030"/>
  <system-out/>
  <testcase classname="com.crm.qa.testcases.LoginPageTest" name="loginTest" time="13.252"/>
  <system-out/>
</testsuite> <!-- com.crm.qa.testcases.LoginPageTest -->
